2025-08-25 10:40:35,145 - my_app - ERROR - Schema file not found for table: table_8104
2025-08-25 10:42:14,290 - my_app - ERROR - Schema file not found for table: table_8104
2025-08-25 10:43:33,769 - my_app - ERROR - Schema file not found for table: table_8104
2025-08-25 15:29:11,094 - my_app - ERROR - Schema file not found for table: table_8104
2025-08-25 15:30:46,117 - my_app - ERROR - Schema file not found for table: table_8104
2025-08-25 15:32:44,577 - my_app - ERROR - Schema file not found for table: table_8104
2025-08-25 16:19:28,840 - my_app - ERROR - Schema file not found for table: table_8104
2025-08-25 16:20:37,587 - my_app - ERROR - Schema file not found for table: table_8104
2025-08-25 16:21:38,422 - my_app - ERROR - Schema file not found for table: table_8104
2025-08-25 16:22:42,465 - my_app - ERROR - Schema file not found for table: table_8104
2025-08-25 16:32:51,018 - my_app - ERROR - Schema file not found for table: table_8104
2025-08-25 16:43:57,918 - my_app - ERROR - Schema file not found for table: table_8104
2025-08-25 16:45:03,073 - my_app - ERROR - Schema file not found for table: table_8104
2025-08-25 16:46:14,014 - my_app - ERROR - Schema file not found for table: table_8104
2025-08-27 11:43:07,934 - my_app - ERROR - SQL execution failed: 'cryptography' package is required for sha256_password or caching_sha2_password auth methods
2025-08-27 11:49:34,541 - my_app - ERROR - SQL execution failed: 'cryptography' package is required for sha256_password or caching_sha2_password auth methods
2025-08-27 11:53:34,291 - my_app - ERROR - SQL execution failed: 'cryptography' package is required for sha256_password or caching_sha2_password auth methods
2025-08-27 11:54:53,255 - my_app - ERROR - SQL execution failed: 'cryptography' package is required for sha256_password or caching_sha2_password auth methods
2025-08-27 12:33:33,157 - my_app - ERROR - SQL execution failed: 'cryptography' package is required for sha256_password or caching_sha2_password auth methods
2025-08-27 12:37:57,630 - my_app - ERROR - SQL execution failed: 'cryptography' package is required for sha256_password or caching_sha2_password auth methods
2025-08-27 12:48:33,639 - my_app - ERROR - SQL execution failed: 'cryptography' package is required for sha256_password or caching_sha2_password auth methods
2025-08-27 12:51:18,019 - my_app - ERROR - SQL execution failed: 'cryptography' package is required for sha256_password or caching_sha2_password auth methods
2025-08-27 12:55:29,684 - my_app - ERROR - Schema file not found for table: table_8104
2025-08-27 12:55:33,763 - my_app - ERROR - SQL execution failed: 'cryptography' package is required for sha256_password or caching_sha2_password auth methods
2025-08-27 13:00:09,470 - my_app - ERROR - SQL execution failed: 'cryptography' package is required for sha256_password or caching_sha2_password auth methods
2025-08-27 13:58:09,731 - my_app - ERROR - SQL execution failed: 'cryptography' package is required for sha256_password or caching_sha2_password auth methods
2025-09-03 17:13:30,763 - my_app - ERROR - No valid schema files found
2025-09-03 19:48:12,282 - my_app - ERROR - No valid schema files found
2025-09-03 19:51:18,408 - my_app - ERROR - Schema file not found for table: sample_table
2025-09-03 19:51:18,409 - my_app - ERROR - No valid schema files found
2025-09-03 20:29:02,746 - my_app - ERROR - No SQL statement found in the response content. Response content: The provided schemas do not contain any information related to the movie "White Bitch Down" or its release year. Therefore, I cannot generate an SQL statement based on the given table schemas to answer the question.

If you have a table that contains information about movies and their release years, please provide the schema of that table, and I will be able to help you with the SQL query.
2025-09-03 20:29:05,079 - my_app - ERROR - SQL execution failed: (pymysql.err.ProgrammingError) (1064, 'You have an error in your SQL syntax; check the manual that corresponds to your MySQL server version for the right syntax to use near \'The provided schemas do not contain any information related to the movie "White \' at line 1')
[SQL: The provided schemas do not contain any information related to the movie "White Bitch Down" or its release year. Therefore, I cannot generate an SQL statement based on the given table schemas to answer the question.

If you have a table that contains information about movies and their release years, please provide the schema of that table, and I will be able to help you with the SQL query.]
(Background on this error at: https://sqlalche.me/e/20/f405)
2025-09-03 20:45:13,321 - my_app - ERROR - No SQL statement found in the response content. Response content: The provided schemas do not contain any information related to the movie "White Bitch Down" or its release year. Therefore, I cannot generate an SQL statement based on the given table schemas to answer the question.

If you have a table that contains information about movies and their release years, please provide the schema of that table, and I will be able to help you with the SQL query.
2025-09-03 20:45:13,323 - my_app - ERROR - SQL execution failed: (pymysql.err.ProgrammingError) (1064, 'You have an error in your SQL syntax; check the manual that corresponds to your MySQL server version for the right syntax to use near \'The provided schemas do not contain any information related to the movie "White \' at line 1')
[SQL: The provided schemas do not contain any information related to the movie "White Bitch Down" or its release year. Therefore, I cannot generate an SQL statement based on the given table schemas to answer the question.

If you have a table that contains information about movies and their release years, please provide the schema of that table, and I will be able to help you with the SQL query.]
(Background on this error at: https://sqlalche.me/e/20/f405)
2025-09-03 22:58:55,925 - my_app - INFO - Dropped table: company_22nd_united_states_congress_1_39be3886
2025-09-03 22:58:58,256 - my_app - INFO - Dropped table: company_23rd_united_states_congress_1_ee23235c
2025-09-03 22:58:58,260 - my_app - INFO - Removed schema file: D:\Rag\rag_project_api\TableRAG-main\offline_data_ingestion_and_query_interface\data\schema\company_23rd_united_states_congress_1_ee23235c.json
2025-09-03 22:58:58,263 - my_app - INFO - Removed schema file: D:\Rag\rag_project_api\TableRAG-main\offline_data_ingestion_and_query_interface\data\schema\company_22nd_united_states_congress_1_39be3886.json
2025-09-03 23:02:29,085 - my_app - INFO - Removed schema file: D:\Rag\rag_project_api\TableRAG-main\offline_data_ingestion_and_query_interface\dataset\dev_excel\23rd_United_States_Congress_1.xlsx
2025-09-03 23:02:51,776 - my_app - INFO - Removed schema file: D:\Rag\rag_project_api\TableRAG-main\offline_data_ingestion_and_query_interface\dataset\dev_excel\22nd_United_States_Congress_1.xlsx
2025-09-04 21:45:43,398 - my_app - ERROR - Schema file not found for table: company_2_bundesliga_0
2025-09-09 14:34:14,320 - my_app - ERROR - No valid schema files found
2025-09-09 14:36:40,413 - my_app - ERROR - No valid schema files found
2025-09-09 14:38:42,773 - my_app - ERROR - SQL execution failed: (pymysql.err.ProgrammingError) (1064, "You have an error in your SQL syntax; check the manual that corresponds to your MySQL server version for the right syntax to use near '`' at line 1")
[SQL: SELECT `table_1`, `financial_report_2012, `financial_report_2013, `financial_report_2014, `financial_report_2015, `financial_report_2016, `financial_report_2017, `financial_report_2018, `financial_report_2019, `financial_report_2020, `financial_report_2021, `financial_report_2022 FROM `table_810410c3`;]
(Background on this error at: https://sqlalche.me/e/20/f405)
2025-09-09 14:41:31,998 - my_app - ERROR - SQL execution failed: (pymysql.err.OperationalError) (1690, "DOUBLE value is out of range in 'pow((`tablerag`.`table_810410c3`.`financial_report_2022` / `tablerag`.`table_810410c3`.`financial_report_2012`),(1 / 10))'")
[SQL: SELECT `financial_report_2012` AS `2012年`, POWER((`financial_report_2022` / `financial_report_2012`) , (1 / 10)) - 1 AS `年增长率` FROM `table_810410c3`;]
(Background on this error at: https://sqlalche.me/e/20/e3q8)
2025-09-09 14:49:56,161 - my_app - ERROR - No valid schema files found
2025-09-09 14:51:06,491 - my_app - ERROR - No valid schema files found
2025-09-09 14:55:51,855 - my_app - ERROR - No valid schema files found
2025-09-09 15:04:52,303 - my_app - ERROR - No valid schema files found
2025-09-09 15:06:00,354 - my_app - ERROR - Schema file not found for table: table_8104
2025-09-09 15:06:00,354 - my_app - ERROR - No valid schema files found
2025-09-09 15:07:02,073 - my_app - ERROR - No valid schema files found
2025-09-09 16:10:26,856 - my_app - ERROR - No valid schema files found
2025-09-09 16:13:40,426 - my_app - ERROR - SQL execution failed: (pymysql.err.OperationalError) (1054, "Unknown column 'table_4 * 100' in 'field list'")
[SQL: SELECT `table_2`, `table_5` / `table_4 * 100` AS `毛利率` FROM `financial_report_2024_b23abe92`;]
(Background on this error at: https://sqlalche.me/e/20/e3q8)
2025-09-09 16:37:43,004 - my_app - ERROR - No valid schema files found
2025-09-09 16:44:06,020 - my_app - ERROR - No valid schema files found
2025-09-09 20:23:04,614 - my_app - ERROR - No valid schema files found
2025-09-09 21:57:57,333 - my_app - ERROR - No valid schema files found
